INFO,Woodpecker started
INFO,<function get_time at 0x104bad790>,Woodpecker started
INFO,<function get_time at 0x102b73040>,Woodpecker started
INFO,<function get_time at 0x104291790>,Woodpecker started
INFO,<function get_time at 0x100bf7700>,Woodpecker started
INFO,<function get_time at 0x102103700>,Woodpecker started
05/05/01/23/2023 04:29:49 PM Woodpecker started
31/05/01/23/2023 04:31:08PM Woodpecker started
05/01/23 04:32:09PM Woodpecker started
05/01/23 04:49:03PM Woodpecker started
05/01/23 11:11:31PM Woodpecker started
05/01/23 11:12:50PM Woodpecker started
05/01/23 11:22:00PM Woodpecker started
05/01/23 11:28:08PM Woodpecker started
05/02/23 12:09:46AM Woodpecker started
05/02/23 12:10:33AM Woodpecker started
05/02/23 12:19:03AM Woodpecker started
05/03/23 12:30:41PM Woodpecker started
05/03/23 12:36:09PM Woodpecker started
05/03/23 12:36:58PM Woodpecker started
05/03/23 12:40:19PM Woodpecker started
05/03/23 12:41:46PM Woodpecker started
05/03/23 12:48:17PM Woodpecker started
05/03/23 03:28:45PM Woodpecker started
05/03/23 03:40:35PM Woodpecker started
05/03/23 03:45:54PM Woodpecker started
05/03/23 03:57:15PM Woodpecker started
05/03/23 04:16:20PM Woodpecker started
05/03/23 04:20:59PM Woodpecker started
05/03/23 04:23:54PM Woodpecker started
05/03/23 04:35:34PM Woodpecker started
05/03/23 04:56:41PM Woodpecker started
05/03/23 09:53:22PM Woodpecker started
05/03/23 09:54:25PM Woodpecker started
05/03/23 09:59:29PM Woodpecker started
05/03/23 10:15:20PM Woodpecker started
05/03/23 10:20:03PM Woodpecker started
05/03/23 10:29:56PM Woodpecker started
05/03/23 10:30:58PM Woodpecker started
05/03/23 11:00:44PM Woodpecker started
05/03/23 11:12:56PM Woodpecker started
05/03/23 11:22:54PM Woodpecker started
05/03/23 11:25:56PM Woodpecker started
05/03/23 11:33:58PM Woodpecker started
05/08/23 08:26:19PM Woodpecker started
